<?xml version="1.0" encoding="UTF-8"?>
<TestRun id="f4fa13e6-c0af-49a2-8706-636cbe60c0d9" name="Roman@ROMAN-ALG 2013-08-02 09:41:43" runUser="ALG\Roman" xmlns="http://microsoft.com/schemas/VisualStudio/TeamTest/2010">
  <TestSettings name="Локальные" id="16cc96cd-b63d-4f10-b203-31a43844ff5b">
    <Description>Это - параметры по умолчанию для локального тестового запуска.</Description>
    <Deployment enabled="false" runDeploymentRoot="Roman_ROMAN-ALG 2013-08-02 09_41_43">
      <DeploymentItem filename="D:\Documents\Projects\Github\PollTechData\Eam.Client.Model.TechData\bin\Debug\Eam.Client.Model.TechData.dll" />
    </Deployment>
    <Execution>
      <TestTypeSpecific />
      <AgentRule name="Execution Agents">
      </AgentRule>
    </Execution>
  </TestSettings>
  <Times creation="2013-08-02T09:41:43.5455850+03:00" queuing="2013-08-02T09:41:48.1178465+03:00" start="2013-08-02T09:41:48.6278757+03:00" finish="2013-08-02T09:41:49.6219325+03:00" />
  <ResultSummary outcome="Completed">
    <Counters total="1" executed="1" passed="1" error="0" failed="0" timeout="0" aborted="0" inconclusive="0" passedButRunAborted="0" notRunnable="0" notExecuted="0" disconnected="0" warning="0" completed="0" inProgress="0" pending="0" />
  </ResultSummary>
  <TestDefinitions>
    <UnitTest name="InitProcessManager" storage="d:\documents\projects\github\polltechdata\unittestproject\bin\debug\unittestproject.dll" id="079a31cb-6b48-f9bf-65c7-00e217a36eed">
      <Execution id="f9f932f4-3718-4bc9-812f-d32d22a5ba33" />
      <TestMethod codeBase="D:/Documents/Projects/Github/PollTechData/UnitTestProject/bin/Debug/UnitTestProject.DLL" adapterTypeName="Microsoft.VisualStudio.TestTools.TestTypes.Unit.UnitTestAdapter, Microsoft.VisualStudio.QualityTools.Tips.UnitTest.Adapter, Version=10.0.0.0, Culture=neutral, PublicKeyToken=b03f5f7f11d50a3a" className="UnitTestProject.TDProcessManagerTests, UnitTestProject, Version=1.0.0.0, Culture=neutral, PublicKeyToken=null" name="InitProcessManager" />
    </UnitTest>
  </TestDefinitions>
  <TestLists>
    <TestList name="Отсутствующие в списке результаты" id="8c84fa94-04c1-424b-9868-57a2d4851a1d" />
    <TestList name="Все загруженные результаты" id="19431567-8539-422a-85d7-44ee4e166bda" />
  </TestLists>
  <TestEntries>
    <TestEntry testId="079a31cb-6b48-f9bf-65c7-00e217a36eed" executionId="f9f932f4-3718-4bc9-812f-d32d22a5ba33" testListId="8c84fa94-04c1-424b-9868-57a2d4851a1d" />
  </TestEntries>
  <Results>
    <UnitTestResult executionId="f9f932f4-3718-4bc9-812f-d32d22a5ba33" testId="079a31cb-6b48-f9bf-65c7-00e217a36eed" testName="InitProcessManager" computerName="ROMAN-ALG" duration="00:00:00.0184561" startTime="2013-08-02T09:41:48.7588832+03:00" endTime="2013-08-02T09:41:49.5249270+03:00" testType="13cdc9d9-ddb5-4fa4-a97d-d965ccfc6d4b" outcome="Passed" testListId="8c84fa94-04c1-424b-9868-57a2d4851a1d" relativeResultsDirectory="f9f932f4-3718-4bc9-812f-d32d22a5ba33">
    </UnitTestResult>
  </Results>
</TestRun>